# JRE version: OpenJDK Runtime Environment (17.0.7) (build 17.0.7+0-b2043.56-10550314)
# Java VM: OpenJDK 64-Bit Server VM (17.0.7+0-b2043.56-10550314, mixed mode, tiered, compressed oops, compressed class ptrs, g1 gc, windows-amd64)
GC Precious Log:
 CPUs: 8 total, 8 available
 Memory: 16303M
 Large Page Support: Disabled
 NUMA Support: Disabled
 Compressed Oops: Enabled (Zero based)
 Heap Region Size: 2M
 Heap Min Capacity: 8M
 Heap Initial Capacity: 256M
 Heap Max Capacity: 4076M
 Pre-touch: Disabled
 Parallel Workers: 8
 Concurrent Workers: 2
 Concurrent Refinement Workers: 8
 Periodic GC: Disabled
Heap:
 garbage-first heap   total 161792K, used 68242K [0x0000000701400000, 0x0000000800000000)
  region size 2048K, 13 young (26624K), 1 survivors (2048K)
 Metaspace       used 57480K, committed 57728K, reserved 1114112K
  class space    used 6747K, committed 6848K, reserved 1048576K
GC Heap History (20 events):
Event: 1.640 GC heap before
{Heap before GC invocations=6 (full 0):
 garbage-first heap   total 40960K, used 27776K [0x0000000701400000, 0x0000000800000000)
  region size 2048K, 7 young (14336K), 1 survivors (2048K)
 Metaspace       used 35569K, committed 35776K, reserved 1114112K
  class space    used 4529K, committed 4672K, reserved 1048576K
}
Event: 1.643 GC heap after
{Heap after GC invocations=7 (full 0):
 garbage-first heap   total 40960K, used 17767K [0x0000000701400000, 0x0000000800000000)
  region size 2048K, 1 young (2048K), 1 survivors (2048K)
 Metaspace       used 35569K, committed 35776K, reserved 1114112K
  class space    used 4529K, committed 4672K, reserved 1048576K
}
Event: 1.667 GC heap before
{Heap before GC invocations=7 (full 0):
 garbage-first heap   total 40960K, used 19815K [0x0000000701400000, 0x0000000800000000)
  region size 2048K, 3 young (6144K), 1 survivors (2048K)
 Metaspace       used 35876K, committed 36096K, reserved 1114112K
  class space    used 4563K, committed 4672K, reserved 1048576K
}
Event: 1.669 GC heap after
{Heap after GC invocations=8 (full 0):
 garbage-first heap   total 151552K, used 18466K [0x0000000701400000, 0x0000000800000000)
  region size 2048K, 1 young (2048K), 1 survivors (2048K)
 Metaspace       used 35876K, committed 36096K, reserved 1114112K
  class space    used 4563K, committed 4672K, reserved 1048576K
}
Event: 2.108 GC heap before
{Heap before GC invocations=9 (full 0):
 garbage-first heap   total 75776K, used 59426K [0x0000000701400000, 0x0000000800000000)
  region size 2048K, 22 young (45056K), 1 survivors (2048K)
 Metaspace       used 45689K, committed 45888K, reserved 1114112K
  class space    used 5581K, committed 5696K, reserved 1048576K
}
Event: 2.114 GC heap after
{Heap after GC invocations=10 (full 0):
 garbage-first heap   total 75776K, used 22225K [0x0000000701400000, 0x0000000800000000)
  region size 2048K, 3 young (6144K), 3 survivors (6144K)
 Metaspace       used 45689K, committed 45888K, reserved 1114112K
  class space    used 5581K, committed 5696K, reserved 1048576K
}
Event: 2.277 GC heap before
{Heap before GC invocations=10 (full 0):
 garbage-first heap   total 75776K, used 50897K [0x0000000701400000, 0x0000000800000000)
  region size 2048K, 17 young (34816K), 3 survivors (6144K)
 Metaspace       used 47481K, committed 47744K, reserved 1114112K
  class space    used 5768K, committed 5888K, reserved 1048576K
}
Event: 2.284 GC heap after
{Heap after GC invocations=11 (full 0):
 garbage-first heap   total 75776K, used 27728K [0x0000000701400000, 0x0000000800000000)
  region size 2048K, 2 young (4096K), 2 survivors (4096K)
 Metaspace       used 47481K, committed 47744K, reserved 1114112K
  class space    used 5768K, committed 5888K, reserved 1048576K
}
Event: 2.431 GC heap before
{Heap before GC invocations=11 (full 0):
 garbage-first heap   total 75776K, used 52304K [0x0000000701400000, 0x0000000800000000)
  region size 2048K, 14 young (28672K), 2 survivors (4096K)
 Metaspace       used 48783K, committed 49024K, reserved 1114112K
  class space    used 5900K, committed 6016K, reserved 1048576K
}
Event: 2.437 GC heap after
{Heap after GC invocations=12 (full 0):
 garbage-first heap   total 75776K, used 30190K [0x0000000701400000, 0x0000000800000000)
  region size 2048K, 2 young (4096K), 2 survivors (4096K)
 Metaspace       used 48783K, committed 49024K, reserved 1114112K
  class space    used 5900K, committed 6016K, reserved 1048576K
}
Event: 2.744 GC heap before
{Heap before GC invocations=12 (full 0):
 garbage-first heap   total 75776K, used 52718K [0x0000000701400000, 0x0000000800000000)
  region size 2048K, 14 young (28672K), 2 survivors (4096K)
 Metaspace       used 52651K, committed 52864K, reserved 1114112K
  class space    used 6287K, committed 6400K, reserved 1048576K
}
Event: 2.753 GC heap after
{Heap after GC invocations=13 (full 0):
 garbage-first heap   total 94208K, used 34314K [0x0000000701400000, 0x0000000800000000)
  region size 2048K, 2 young (4096K), 2 survivors (4096K)
 Metaspace       used 52651K, committed 52864K, reserved 1114112K
  class space    used 6287K, committed 6400K, reserved 1048576K
}
Event: 3.110 GC heap before
{Heap before GC invocations=13 (full 0):
 garbage-first heap   total 94208K, used 67082K [0x0000000701400000, 0x0000000800000000)
  region size 2048K, 18 young (36864K), 2 survivors (4096K)
 Metaspace       used 53687K, committed 53888K, reserved 1114112K
  class space    used 6323K, committed 6400K, reserved 1048576K
}
Event: 3.123 GC heap after
{Heap after GC invocations=14 (full 0):
 garbage-first heap   total 94208K, used 40330K [0x0000000701400000, 0x0000000800000000)
  region size 2048K, 3 young (6144K), 3 survivors (6144K)
 Metaspace       used 53687K, committed 53888K, reserved 1114112K
  class space    used 6323K, committed 6400K, reserved 1048576K
}
Event: 3.294 GC heap before
{Heap before GC invocations=14 (full 0):
 garbage-first heap   total 94208K, used 69002K [0x0000000701400000, 0x0000000800000000)
  region size 2048K, 17 young (34816K), 3 survivors (6144K)
 Metaspace       used 54314K, committed 54592K, reserved 1114112K
  class space    used 6377K, committed 6464K, reserved 1048576K
}
Event: 3.307 GC heap after
{Heap after GC invocations=15 (full 0):
 garbage-first heap   total 94208K, used 46005K [0x0000000701400000, 0x0000000800000000)
  region size 2048K, 3 young (6144K), 3 survivors (6144K)
 Metaspace       used 54314K, committed 54592K, reserved 1114112K
  class space    used 6377K, committed 6464K, reserved 1048576K
}
Event: 3.344 GC heap before
{Heap before GC invocations=15 (full 0):
 garbage-first heap   total 94208K, used 70581K [0x0000000701400000, 0x0000000800000000)
  region size 2048K, 15 young (30720K), 3 survivors (6144K)
 Metaspace       used 54343K, committed 54592K, reserved 1114112K
  class space    used 6377K, committed 6464K, reserved 1048576K
}
Event: 3.349 GC heap after
{Heap after GC invocations=16 (full 0):
 garbage-first heap   total 94208K, used 46456K [0x0000000701400000, 0x0000000800000000)
  region size 2048K, 1 young (2048K), 1 survivors (2048K)
 Metaspace       used 54343K, committed 54592K, reserved 1114112K
  class space    used 6377K, committed 6464K, reserved 1048576K
}
Event: 3.377 GC heap before
{Heap before GC invocations=16 (full 0):
 garbage-first heap   total 94208K, used 71032K [0x0000000701400000, 0x0000000800000000)
  region size 2048K, 13 young (26624K), 1 survivors (2048K)
 Metaspace       used 54358K, committed 54592K, reserved 1114112K
  class space    used 6377K, committed 6464K, reserved 1048576K
}
Event: 3.377 GC heap after
{Heap after GC invocations=17 (full 0):
 garbage-first heap   total 161792K, used 45714K [0x0000000701400000, 0x0000000800000000)
  region size 2048K, 1 young (2048K), 1 survivors (2048K)
 Metaspace       used 54358K, committed 54592K, reserved 1114112K
  class space    used 6377K, committed 6464K, reserved 1048576K
}

