# JRE version: OpenJDK Runtime Environment (17.0.7) (build 17.0.7+0-b2043.56-10550314)
# Java VM: OpenJDK 64-Bit Server VM (17.0.7+0-b2043.56-10550314, mixed mode, tiered, compressed oops, compressed class ptrs, g1 gc, windows-amd64)
GC Precious Log:
 CPUs: 8 total, 8 available
 Memory: 16303M
 Large Page Support: Disabled
 NUMA Support: Disabled
 Compressed Oops: Enabled (32-bit)
 Heap Region Size: 1M
 Heap Min Capacity: 8M
 Heap Initial Capacity: 256M
 Heap Max Capacity: 2G
 Pre-touch: Disabled
 Parallel Workers: 8
 Concurrent Workers: 2
 Concurrent Refinement Workers: 8
 Periodic GC: Disabled
Heap:
 garbage-first heap   total 475136K, used 160033K [0x0000000080000000, 0x0000000100000000)
  region size 1024K, 7 young (7168K), 7 survivors (7168K)
 Metaspace       used 136961K, committed 138368K, reserved 1179648K
  class space    used 18589K, committed 19264K, reserved 1048576K
GC Heap History (20 events):
Event: 1122.806 GC heap after
{Heap after GC invocations=70 (full 0):
 garbage-first heap   total 475136K, used 145345K [0x0000000080000000, 0x0000000100000000)
  region size 1024K, 3 young (3072K), 3 survivors (3072K)
 Metaspace       used 131383K, committed 132416K, reserved 1179648K
  class space    used 18121K, committed 18624K, reserved 1048576K
}
Event: 1148.108 GC heap before
{Heap before GC invocations=70 (full 0):
 garbage-first heap   total 475136K, used 241601K [0x0000000080000000, 0x0000000100000000)
  region size 1024K, 98 young (100352K), 3 survivors (3072K)
 Metaspace       used 131799K, committed 132928K, reserved 1179648K
  class space    used 18125K, committed 18624K, reserved 1048576K
}
Event: 1148.115 GC heap after
{Heap after GC invocations=71 (full 0):
 garbage-first heap   total 475136K, used 149867K [0x0000000080000000, 0x0000000100000000)
  region size 1024K, 8 young (8192K), 8 survivors (8192K)
 Metaspace       used 131799K, committed 132928K, reserved 1179648K
  class space    used 18125K, committed 18624K, reserved 1048576K
}
Event: 1319.226 GC heap before
{Heap before GC invocations=72 (full 0):
 garbage-first heap   total 475136K, used 405558K [0x0000000080000000, 0x0000000100000000)
  region size 1024K, 231 young (236544K), 8 survivors (8192K)
 Metaspace       used 132331K, committed 133440K, reserved 1179648K
  class space    used 18140K, committed 18688K, reserved 1048576K
}
Event: 1319.233 GC heap after
{Heap after GC invocations=73 (full 0):
 garbage-first heap   total 475136K, used 158348K [0x0000000080000000, 0x0000000100000000)
  region size 1024K, 17 young (17408K), 17 survivors (17408K)
 Metaspace       used 132331K, committed 133440K, reserved 1179648K
  class space    used 18140K, committed 18688K, reserved 1048576K
}
Event: 1319.254 GC heap before
{Heap before GC invocations=73 (full 0):
 garbage-first heap   total 475136K, used 163468K [0x0000000080000000, 0x0000000100000000)
  region size 1024K, 23 young (23552K), 17 survivors (17408K)
 Metaspace       used 132344K, committed 133440K, reserved 1179648K
  class space    used 18140K, committed 18688K, reserved 1048576K
}
Event: 1319.261 GC heap after
{Heap after GC invocations=74 (full 0):
 garbage-first heap   total 475136K, used 153687K [0x0000000080000000, 0x0000000100000000)
  region size 1024K, 3 young (3072K), 3 survivors (3072K)
 Metaspace       used 132344K, committed 133440K, reserved 1179648K
  class space    used 18140K, committed 18688K, reserved 1048576K
}
Event: 1526.762 GC heap before
{Heap before GC invocations=74 (full 0):
 garbage-first heap   total 475136K, used 382039K [0x0000000080000000, 0x0000000100000000)
  region size 1024K, 227 young (232448K), 3 survivors (3072K)
 Metaspace       used 133410K, committed 134912K, reserved 1179648K
  class space    used 18334K, committed 19008K, reserved 1048576K
}
Event: 1526.768 GC heap after
{Heap after GC invocations=75 (full 0):
 garbage-first heap   total 475136K, used 163657K [0x0000000080000000, 0x0000000100000000)
  region size 1024K, 13 young (13312K), 13 survivors (13312K)
 Metaspace       used 133410K, committed 134912K, reserved 1179648K
  class space    used 18334K, committed 19008K, reserved 1048576K
}
Event: 1843.988 GC heap before
{Heap before GC invocations=76 (full 0):
 garbage-first heap   total 475136K, used 411465K [0x0000000080000000, 0x0000000100000000)
  region size 1024K, 229 young (234496K), 13 survivors (13312K)
 Metaspace       used 133855K, committed 135360K, reserved 1179648K
  class space    used 18338K, committed 19008K, reserved 1048576K
}
Event: 1843.990 GC heap after
{Heap after GC invocations=77 (full 0):
 garbage-first heap   total 475136K, used 153687K [0x0000000080000000, 0x0000000100000000)
  region size 1024K, 4 young (4096K), 4 survivors (4096K)
 Metaspace       used 133855K, committed 135360K, reserved 1179648K
  class space    used 18338K, committed 19008K, reserved 1048576K
}
Event: 1844.049 GC heap before
{Heap before GC invocations=77 (full 0):
 garbage-first heap   total 475136K, used 173143K [0x0000000080000000, 0x0000000100000000)
  region size 1024K, 23 young (23552K), 4 survivors (4096K)
 Metaspace       used 133865K, committed 135360K, reserved 1179648K
  class space    used 18338K, committed 19008K, reserved 1048576K
}
Event: 1844.052 GC heap after
{Heap after GC invocations=78 (full 0):
 garbage-first heap   total 475136K, used 145870K [0x0000000080000000, 0x0000000100000000)
  region size 1024K, 3 young (3072K), 3 survivors (3072K)
 Metaspace       used 133865K, committed 135360K, reserved 1179648K
  class space    used 18338K, committed 19008K, reserved 1048576K
}
Event: 2401.121 GC heap before
{Heap before GC invocations=78 (full 0):
 garbage-first heap   total 475136K, used 390606K [0x0000000080000000, 0x0000000100000000)
  region size 1024K, 243 young (248832K), 3 survivors (3072K)
 Metaspace       used 134606K, committed 136192K, reserved 1179648K
  class space    used 18420K, committed 19200K, reserved 1048576K
}
Event: 2401.127 GC heap after
{Heap after GC invocations=79 (full 0):
 garbage-first heap   total 475136K, used 155705K [0x0000000080000000, 0x0000000100000000)
  region size 1024K, 13 young (13312K), 13 survivors (13312K)
 Metaspace       used 134606K, committed 136192K, reserved 1179648K
  class space    used 18420K, committed 19200K, reserved 1048576K
}
Event: 2467.174 GC heap before
{Heap before GC invocations=80 (full 0):
 garbage-first heap   total 475136K, used 384057K [0x0000000080000000, 0x0000000100000000)
  region size 1024K, 241 young (246784K), 13 survivors (13312K)
 Metaspace       used 136017K, committed 137472K, reserved 1179648K
  class space    used 18539K, committed 19264K, reserved 1048576K
}
Event: 2467.187 GC heap after
{Heap after GC invocations=81 (full 0):
 garbage-first heap   total 475136K, used 172558K [0x0000000080000000, 0x0000000100000000)
  region size 1024K, 31 young (31744K), 31 survivors (31744K)
 Metaspace       used 136017K, committed 137472K, reserved 1179648K
  class space    used 18539K, committed 19264K, reserved 1048576K
}
Event: 2467.189 GC heap before
{Heap before GC invocations=81 (full 0):
 garbage-first heap   total 475136K, used 172558K [0x0000000080000000, 0x0000000100000000)
  region size 1024K, 32 young (32768K), 31 survivors (31744K)
 Metaspace       used 136031K, committed 137472K, reserved 1179648K
  class space    used 18542K, committed 19264K, reserved 1048576K
}
Event: 2467.201 GC heap after
{Heap after GC invocations=82 (full 0):
 garbage-first heap   total 475136K, used 157324K [0x0000000080000000, 0x0000000100000000)
  region size 1024K, 4 young (4096K), 4 survivors (4096K)
 Metaspace       used 136031K, committed 137472K, reserved 1179648K
  class space    used 18542K, committed 19264K, reserved 1048576K
}
Event: 2467.821 GC heap before
{Heap before GC invocations=82 (full 0):
 garbage-first heap   total 475136K, used 381580K [0x0000000080000000, 0x0000000100000000)
  region size 1024K, 224 young (229376K), 4 survivors (4096K)
 Metaspace       used 136961K, committed 138368K, reserved 1179648K
  class space    used 18589K, committed 19264K, reserved 1048576K
}

