# JRE version: OpenJDK Runtime Environment (17.0.7) (build 17.0.7+0-b2043.56-10550314)
# Java VM: OpenJDK 64-Bit Server VM (17.0.7+0-b2043.56-10550314, mixed mode, tiered, compressed oops, compressed class ptrs, g1 gc, windows-amd64)
GC Precious Log:
 CPUs: 8 total, 8 available
 Memory: 16303M
 Large Page Support: Disabled
 NUMA Support: Disabled
 Compressed Oops: Enabled (32-bit)
 Heap Region Size: 1M
 Heap Min Capacity: 8M
 Heap Initial Capacity: 256M
 Heap Max Capacity: 2G
 Pre-touch: Disabled
 Parallel Workers: 8
 Concurrent Workers: 2
 Concurrent Refinement Workers: 8
 Periodic GC: Disabled
Heap:
 garbage-first heap   total 484352K, used 164367K [0x0000000080000000, 0x0000000100000000)
  region size 1024K, 17 young (17408K), 17 survivors (17408K)
 Metaspace       used 142959K, committed 145152K, reserved 1179648K
  class space    used 19308K, committed 20416K, reserved 1048576K
GC Heap History (20 events):
Event: 3441.141 GC heap after
{Heap after GC invocations=87 (full 0):
 garbage-first heap   total 484352K, used 142932K [0x0000000080000000, 0x0000000100000000)
  region size 1024K, 3 young (3072K), 3 survivors (3072K)
 Metaspace       used 141435K, committed 143616K, reserved 1179648K
  class space    used 19283K, committed 20352K, reserved 1048576K
}
Event: 3453.900 GC heap before
{Heap before GC invocations=87 (full 0):
 garbage-first heap   total 484352K, used 238164K [0x0000000080000000, 0x0000000100000000)
  region size 1024K, 97 young (99328K), 3 survivors (3072K)
 Metaspace       used 141623K, committed 143808K, reserved 1179648K
  class space    used 19289K, committed 20352K, reserved 1048576K
}
Event: 3453.908 GC heap after
{Heap after GC invocations=88 (full 0):
 garbage-first heap   total 484352K, used 149362K [0x0000000080000000, 0x0000000100000000)
  region size 1024K, 9 young (9216K), 9 survivors (9216K)
 Metaspace       used 141623K, committed 143808K, reserved 1179648K
  class space    used 19289K, committed 20352K, reserved 1048576K
}
Event: 3617.384 GC heap before
{Heap before GC invocations=89 (full 0):
 garbage-first heap   total 484352K, used 450418K [0x0000000080000000, 0x0000000100000000)
  region size 1024K, 248 young (253952K), 9 survivors (9216K)
 Metaspace       used 141937K, committed 144064K, reserved 1179648K
  class space    used 19277K, committed 20352K, reserved 1048576K
}
Event: 3617.392 GC heap after
{Heap after GC invocations=90 (full 0):
 garbage-first heap   total 484352K, used 158404K [0x0000000080000000, 0x0000000100000000)
  region size 1024K, 18 young (18432K), 18 survivors (18432K)
 Metaspace       used 141937K, committed 144064K, reserved 1179648K
  class space    used 19277K, committed 20352K, reserved 1048576K
}
Event: 3617.406 GC heap before
{Heap before GC invocations=90 (full 0):
 garbage-first heap   total 484352K, used 162500K [0x0000000080000000, 0x0000000100000000)
  region size 1024K, 23 young (23552K), 18 survivors (18432K)
 Metaspace       used 141940K, committed 144064K, reserved 1179648K
  class space    used 19277K, committed 20352K, reserved 1048576K
}
Event: 3617.416 GC heap after
{Heap after GC invocations=91 (full 0):
 garbage-first heap   total 484352K, used 149858K [0x0000000080000000, 0x0000000100000000)
  region size 1024K, 3 young (3072K), 3 survivors (3072K)
 Metaspace       used 141940K, committed 144064K, reserved 1179648K
  class space    used 19277K, committed 20352K, reserved 1048576K
}
Event: 3631.268 GC heap before
{Heap before GC invocations=91 (full 0):
 garbage-first heap   total 484352K, used 217442K [0x0000000080000000, 0x0000000100000000)
  region size 1024K, 71 young (72704K), 3 survivors (3072K)
 Metaspace       used 142113K, committed 144320K, reserved 1179648K
  class space    used 19277K, committed 20352K, reserved 1048576K
}
Event: 3631.274 GC heap after
{Heap after GC invocations=92 (full 0):
 garbage-first heap   total 484352K, used 151375K [0x0000000080000000, 0x0000000100000000)
  region size 1024K, 5 young (5120K), 5 survivors (5120K)
 Metaspace       used 142113K, committed 144320K, reserved 1179648K
  class space    used 19277K, committed 20352K, reserved 1048576K
}
Event: 3728.234 GC heap before
{Heap before GC invocations=93 (full 0):
 garbage-first heap   total 484352K, used 451407K [0x0000000080000000, 0x0000000100000000)
  region size 1024K, 245 young (250880K), 5 survivors (5120K)
 Metaspace       used 142293K, committed 144448K, reserved 1179648K
  class space    used 19278K, committed 20352K, reserved 1048576K
}
Event: 3728.240 GC heap after
{Heap after GC invocations=94 (full 0):
 garbage-first heap   total 484352K, used 158941K [0x0000000080000000, 0x0000000100000000)
  region size 1024K, 14 young (14336K), 14 survivors (14336K)
 Metaspace       used 142293K, committed 144448K, reserved 1179648K
  class space    used 19278K, committed 20352K, reserved 1048576K
}
Event: 3728.284 GC heap before
{Heap before GC invocations=94 (full 0):
 garbage-first heap   total 484352K, used 168157K [0x0000000080000000, 0x0000000100000000)
  region size 1024K, 23 young (23552K), 14 survivors (14336K)
 Metaspace       used 142306K, committed 144448K, reserved 1179648K
  class space    used 19278K, committed 20352K, reserved 1048576K
}
Event: 3728.291 GC heap after
{Heap after GC invocations=95 (full 0):
 garbage-first heap   total 484352K, used 150716K [0x0000000080000000, 0x0000000100000000)
  region size 1024K, 2 young (2048K), 2 survivors (2048K)
 Metaspace       used 142306K, committed 144448K, reserved 1179648K
  class space    used 19278K, committed 20352K, reserved 1048576K
}
Event: 3744.694 GC heap before
{Heap before GC invocations=95 (full 0):
 garbage-first heap   total 484352K, used 210108K [0x0000000080000000, 0x0000000100000000)
  region size 1024K, 62 young (63488K), 2 survivors (2048K)
 Metaspace       used 142503K, committed 144640K, reserved 1179648K
  class space    used 19295K, committed 20352K, reserved 1048576K
}
Event: 3744.700 GC heap after
{Heap after GC invocations=96 (full 0):
 garbage-first heap   total 484352K, used 152289K [0x0000000080000000, 0x0000000100000000)
  region size 1024K, 4 young (4096K), 4 survivors (4096K)
 Metaspace       used 142503K, committed 144640K, reserved 1179648K
  class space    used 19295K, committed 20352K, reserved 1048576K
}
Event: 3859.804 GC heap before
{Heap before GC invocations=97 (full 0):
 garbage-first heap   total 484352K, used 451297K [0x0000000080000000, 0x0000000100000000)
  region size 1024K, 241 young (246784K), 4 survivors (4096K)
 Metaspace       used 142777K, committed 144960K, reserved 1179648K
  class space    used 19308K, committed 20416K, reserved 1048576K
}
Event: 3859.811 GC heap after
{Heap after GC invocations=98 (full 0):
 garbage-first heap   total 484352K, used 162220K [0x0000000080000000, 0x0000000100000000)
  region size 1024K, 14 young (14336K), 14 survivors (14336K)
 Metaspace       used 142777K, committed 144960K, reserved 1179648K
  class space    used 19308K, committed 20416K, reserved 1048576K
}
Event: 3859.849 GC heap before
{Heap before GC invocations=98 (full 0):
 garbage-first heap   total 484352K, used 170412K [0x0000000080000000, 0x0000000100000000)
  region size 1024K, 23 young (23552K), 14 survivors (14336K)
 Metaspace       used 142778K, committed 144960K, reserved 1179648K
  class space    used 19308K, committed 20416K, reserved 1048576K
}
Event: 3859.856 GC heap after
{Heap after GC invocations=99 (full 0):
 garbage-first heap   total 484352K, used 150216K [0x0000000080000000, 0x0000000100000000)
  region size 1024K, 3 young (3072K), 3 survivors (3072K)
 Metaspace       used 142778K, committed 144960K, reserved 1179648K
  class space    used 19308K, committed 20416K, reserved 1048576K
}
Event: 3919.686 GC heap before
{Heap before GC invocations=99 (full 0):
 garbage-first heap   total 484352K, used 330440K [0x0000000080000000, 0x0000000100000000)
  region size 1024K, 181 young (185344K), 3 survivors (3072K)
 Metaspace       used 142959K, committed 145152K, reserved 1179648K
  class space    used 19308K, committed 20416K, reserved 1048576K
}

