# JRE version: OpenJDK Runtime Environment (17.0.7) (build 17.0.7+0-b2043.56-10550314)
# Java VM: OpenJDK 64-Bit Server VM (17.0.7+0-b2043.56-10550314, mixed mode, tiered, compressed oops, compressed class ptrs, g1 gc, windows-amd64)
GC Precious Log:
 CPUs: 8 total, 8 available
 Memory: 16303M
 Large Page Support: Disabled
 NUMA Support: Disabled
 Compressed Oops: Enabled (Zero based)
 Heap Region Size: 2M
 Heap Min Capacity: 8M
 Heap Initial Capacity: 256M
 Heap Max Capacity: 4076M
 Pre-touch: Disabled
 Parallel Workers: 8
 Concurrent Workers: 2
 Concurrent Refinement Workers: 8
 Periodic GC: Disabled
Heap:
 garbage-first heap   total 94208K, used 45584K [0x0000000701400000, 0x0000000800000000)
  region size 2048K, 1 young (2048K), 1 survivors (2048K)
 Metaspace       used 54339K, committed 54592K, reserved 1114112K
  class space    used 6376K, committed 6464K, reserved 1048576K
GC Heap History (20 events):
Event: 1.197 GC heap after
{Heap after GC invocations=6 (full 0):
 garbage-first heap   total 40960K, used 17863K [0x0000000701400000, 0x0000000800000000)
  region size 2048K, 1 young (2048K), 1 survivors (2048K)
 Metaspace       used 33561K, committed 33792K, reserved 1114112K
  class space    used 4299K, committed 4416K, reserved 1048576K
}
Event: 1.288 GC heap before
{Heap before GC invocations=6 (full 0):
 garbage-first heap   total 40960K, used 28103K [0x0000000701400000, 0x0000000800000000)
  region size 2048K, 7 young (14336K), 1 survivors (2048K)
 Metaspace       used 35564K, committed 35776K, reserved 1114112K
  class space    used 4530K, committed 4672K, reserved 1048576K
}
Event: 1.292 GC heap after
{Heap after GC invocations=7 (full 0):
 garbage-first heap   total 40960K, used 17785K [0x0000000701400000, 0x0000000800000000)
  region size 2048K, 1 young (2048K), 1 survivors (2048K)
 Metaspace       used 35564K, committed 35776K, reserved 1114112K
  class space    used 4530K, committed 4672K, reserved 1048576K
}
Event: 1.315 GC heap before
{Heap before GC invocations=7 (full 0):
 garbage-first heap   total 40960K, used 19833K [0x0000000701400000, 0x0000000800000000)
  region size 2048K, 3 young (6144K), 1 survivors (2048K)
 Metaspace       used 35874K, committed 36096K, reserved 1114112K
  class space    used 4563K, committed 4672K, reserved 1048576K
}
Event: 1.317 GC heap after
{Heap after GC invocations=8 (full 0):
 garbage-first heap   total 151552K, used 18331K [0x0000000701400000, 0x0000000800000000)
  region size 2048K, 1 young (2048K), 1 survivors (2048K)
 Metaspace       used 35874K, committed 36096K, reserved 1114112K
  class space    used 4563K, committed 4672K, reserved 1048576K
}
Event: 1.729 GC heap before
{Heap before GC invocations=9 (full 0):
 garbage-first heap   total 75776K, used 59291K [0x0000000701400000, 0x0000000800000000)
  region size 2048K, 22 young (45056K), 1 survivors (2048K)
 Metaspace       used 45692K, committed 45888K, reserved 1114112K
  class space    used 5581K, committed 5696K, reserved 1048576K
}
Event: 1.735 GC heap after
{Heap after GC invocations=10 (full 0):
 garbage-first heap   total 75776K, used 22014K [0x0000000701400000, 0x0000000800000000)
  region size 2048K, 3 young (6144K), 3 survivors (6144K)
 Metaspace       used 45692K, committed 45888K, reserved 1114112K
  class space    used 5581K, committed 5696K, reserved 1048576K
}
Event: 1.881 GC heap before
{Heap before GC invocations=10 (full 0):
 garbage-first heap   total 75776K, used 52734K [0x0000000701400000, 0x0000000800000000)
  region size 2048K, 17 young (34816K), 3 survivors (6144K)
 Metaspace       used 47459K, committed 47744K, reserved 1114112K
  class space    used 5767K, committed 5888K, reserved 1048576K
}
Event: 1.887 GC heap after
{Heap after GC invocations=11 (full 0):
 garbage-first heap   total 75776K, used 27523K [0x0000000701400000, 0x0000000800000000)
  region size 2048K, 2 young (4096K), 2 survivors (4096K)
 Metaspace       used 47459K, committed 47744K, reserved 1114112K
  class space    used 5767K, committed 5888K, reserved 1048576K
}
Event: 2.035 GC heap before
{Heap before GC invocations=11 (full 0):
 garbage-first heap   total 75776K, used 52099K [0x0000000701400000, 0x0000000800000000)
  region size 2048K, 14 young (28672K), 2 survivors (4096K)
 Metaspace       used 48764K, committed 48960K, reserved 1114112K
  class space    used 5900K, committed 6016K, reserved 1048576K
}
Event: 2.040 GC heap after
{Heap after GC invocations=12 (full 0):
 garbage-first heap   total 75776K, used 29769K [0x0000000701400000, 0x0000000800000000)
  region size 2048K, 2 young (4096K), 2 survivors (4096K)
 Metaspace       used 48764K, committed 48960K, reserved 1114112K
  class space    used 5900K, committed 6016K, reserved 1048576K
}
Event: 2.368 GC heap before
{Heap before GC invocations=12 (full 0):
 garbage-first heap   total 75776K, used 52297K [0x0000000701400000, 0x0000000800000000)
  region size 2048K, 14 young (28672K), 2 survivors (4096K)
 Metaspace       used 52651K, committed 52864K, reserved 1114112K
  class space    used 6287K, committed 6400K, reserved 1048576K
}
Event: 2.377 GC heap after
{Heap after GC invocations=13 (full 0):
 garbage-first heap   total 94208K, used 33805K [0x0000000701400000, 0x0000000800000000)
  region size 2048K, 2 young (4096K), 2 survivors (4096K)
 Metaspace       used 52651K, committed 52864K, reserved 1114112K
  class space    used 6287K, committed 6400K, reserved 1048576K
}
Event: 2.726 GC heap before
{Heap before GC invocations=13 (full 0):
 garbage-first heap   total 94208K, used 66573K [0x0000000701400000, 0x0000000800000000)
  region size 2048K, 18 young (36864K), 2 survivors (4096K)
 Metaspace       used 53736K, committed 54080K, reserved 1114112K
  class space    used 6332K, committed 6464K, reserved 1048576K
}
Event: 2.739 GC heap after
{Heap after GC invocations=14 (full 0):
 garbage-first heap   total 94208K, used 40119K [0x0000000701400000, 0x0000000800000000)
  region size 2048K, 3 young (6144K), 3 survivors (6144K)
 Metaspace       used 53736K, committed 54080K, reserved 1114112K
  class space    used 6332K, committed 6464K, reserved 1048576K
}
Event: 2.912 GC heap before
{Heap before GC invocations=14 (full 0):
 garbage-first heap   total 94208K, used 68791K [0x0000000701400000, 0x0000000800000000)
  region size 2048K, 17 young (34816K), 3 survivors (6144K)
 Metaspace       used 54315K, committed 54592K, reserved 1114112K
  class space    used 6376K, committed 6464K, reserved 1048576K
}
Event: 2.926 GC heap after
{Heap after GC invocations=15 (full 0):
 garbage-first heap   total 94208K, used 45357K [0x0000000701400000, 0x0000000800000000)
  region size 2048K, 3 young (6144K), 3 survivors (6144K)
 Metaspace       used 54315K, committed 54592K, reserved 1114112K
  class space    used 6376K, committed 6464K, reserved 1048576K
}
Event: 2.953 GC heap before
{Heap before GC invocations=15 (full 0):
 garbage-first heap   total 94208K, used 69933K [0x0000000701400000, 0x0000000800000000)
  region size 2048K, 15 young (30720K), 3 survivors (6144K)
 Metaspace       used 54324K, committed 54592K, reserved 1114112K
  class space    used 6376K, committed 6464K, reserved 1048576K
}
Event: 2.959 GC heap after
{Heap after GC invocations=16 (full 0):
 garbage-first heap   total 94208K, used 46313K [0x0000000701400000, 0x0000000800000000)
  region size 2048K, 1 young (2048K), 1 survivors (2048K)
 Metaspace       used 54324K, committed 54592K, reserved 1114112K
  class space    used 6376K, committed 6464K, reserved 1048576K
}
Event: 2.985 GC heap before
{Heap before GC invocations=16 (full 0):
 garbage-first heap   total 94208K, used 70889K [0x0000000701400000, 0x0000000800000000)
  region size 2048K, 13 young (26624K), 1 survivors (2048K)
 Metaspace       used 54339K, committed 54592K, reserved 1114112K
  class space    used 6376K, committed 6464K, reserved 1048576K
}

