# JRE version: OpenJDK Runtime Environment (17.0.7) (build 17.0.7+0-b2043.56-10550314)
# Java VM: OpenJDK 64-Bit Server VM (17.0.7+0-b2043.56-10550314, mixed mode, tiered, compressed oops, compressed class ptrs, g1 gc, windows-amd64)
GC Precious Log:
 CPUs: 8 total, 8 available
 Memory: 16303M
 Large Page Support: Disabled
 NUMA Support: Disabled
 Compressed Oops: Enabled (32-bit)
 Heap Region Size: 1M
 Heap Min Capacity: 8M
 Heap Initial Capacity: 256M
 Heap Max Capacity: 2G
 Pre-touch: Disabled
 Parallel Workers: 8
 Concurrent Workers: 2
 Concurrent Refinement Workers: 8
 Periodic GC: Disabled
Heap:
 garbage-first heap   total 421888K, used 162269K [0x0000000080000000, 0x0000000100000000)
  region size 1024K, 17 young (17408K), 17 survivors (17408K)
 Metaspace       used 138620K, committed 140096K, reserved 1179648K
  class space    used 19107K, committed 19840K, reserved 1048576K
GC Heap History (20 events):
Event: 728.409 GC heap after
{Heap after GC invocations=58 (full 0):
 garbage-first heap   total 421888K, used 144445K [0x0000000080000000, 0x0000000100000000)
  region size 1024K, 2 young (2048K), 2 survivors (2048K)
 Metaspace       used 135726K, committed 136832K, reserved 1179648K
  class space    used 18929K, committed 19456K, reserved 1048576K
}
Event: 1275.820 GC heap before
{Heap before GC invocations=58 (full 0):
 garbage-first heap   total 421888K, used 353341K [0x0000000080000000, 0x0000000100000000)
  region size 1024K, 206 young (210944K), 2 survivors (2048K)
 Metaspace       used 136360K, committed 137600K, reserved 1179648K
  class space    used 18968K, committed 19584K, reserved 1048576K
}
Event: 1275.825 GC heap after
{Heap after GC invocations=59 (full 0):
 garbage-first heap   total 421888K, used 151083K [0x0000000080000000, 0x0000000100000000)
  region size 1024K, 9 young (9216K), 9 survivors (9216K)
 Metaspace       used 136360K, committed 137600K, reserved 1179648K
  class space    used 18968K, committed 19584K, reserved 1048576K
}
Event: 1732.891 GC heap before
{Heap before GC invocations=60 (full 0):
 garbage-first heap   total 421888K, used 352811K [0x0000000080000000, 0x0000000100000000)
  region size 1024K, 206 young (210944K), 9 survivors (9216K)
 Metaspace       used 137216K, committed 138688K, reserved 1179648K
  class space    used 19130K, committed 19840K, reserved 1048576K
}
Event: 1732.893 GC heap after
{Heap after GC invocations=61 (full 0):
 garbage-first heap   total 421888K, used 145743K [0x0000000080000000, 0x0000000100000000)
  region size 1024K, 3 young (3072K), 3 survivors (3072K)
 Metaspace       used 137216K, committed 138688K, reserved 1179648K
  class space    used 19130K, committed 19840K, reserved 1048576K
}
Event: 1732.937 GC heap before
{Heap before GC invocations=61 (full 0):
 garbage-first heap   total 421888K, used 163151K [0x0000000080000000, 0x0000000100000000)
  region size 1024K, 20 young (20480K), 3 survivors (3072K)
 Metaspace       used 137231K, committed 138688K, reserved 1179648K
  class space    used 19130K, committed 19840K, reserved 1048576K
}
Event: 1732.941 GC heap after
{Heap after GC invocations=62 (full 0):
 garbage-first heap   total 421888K, used 143442K [0x0000000080000000, 0x0000000100000000)
  region size 1024K, 3 young (3072K), 3 survivors (3072K)
 Metaspace       used 137231K, committed 138688K, reserved 1179648K
  class space    used 19130K, committed 19840K, reserved 1048576K
}
Event: 1878.440 GC heap before
{Heap before GC invocations=62 (full 0):
 garbage-first heap   total 421888K, used 357458K [0x0000000080000000, 0x0000000100000000)
  region size 1024K, 212 young (217088K), 3 survivors (3072K)
 Metaspace       used 137546K, committed 139008K, reserved 1179648K
  class space    used 19136K, committed 19840K, reserved 1048576K
}
Event: 1878.450 GC heap after
{Heap after GC invocations=63 (full 0):
 garbage-first heap   total 421888K, used 165246K [0x0000000080000000, 0x0000000100000000)
  region size 1024K, 25 young (25600K), 25 survivors (25600K)
 Metaspace       used 137546K, committed 139008K, reserved 1179648K
  class space    used 19136K, committed 19840K, reserved 1048576K
}
Event: 1998.436 GC heap before
{Heap before GC invocations=64 (full 0):
 garbage-first heap   total 421888K, used 372094K [0x0000000080000000, 0x0000000100000000)
  region size 1024K, 200 young (204800K), 25 survivors (25600K)
 Metaspace       used 138068K, committed 139520K, reserved 1179648K
  class space    used 19152K, committed 19840K, reserved 1048576K
}
Event: 1998.449 GC heap after
{Heap after GC invocations=65 (full 0):
 garbage-first heap   total 421888K, used 174058K [0x0000000080000000, 0x0000000100000000)
  region size 1024K, 10 young (10240K), 10 survivors (10240K)
 Metaspace       used 138068K, committed 139520K, reserved 1179648K
  class space    used 19152K, committed 19840K, reserved 1048576K
}
Event: 1998.472 GC heap before
{Heap before GC invocations=65 (full 0):
 garbage-first heap   total 421888K, used 184298K [0x0000000080000000, 0x0000000100000000)
  region size 1024K, 20 young (20480K), 10 survivors (10240K)
 Metaspace       used 138068K, committed 139520K, reserved 1179648K
  class space    used 19152K, committed 19840K, reserved 1048576K
}
Event: 1998.478 GC heap after
{Heap after GC invocations=66 (full 0):
 garbage-first heap   total 421888K, used 166912K [0x0000000080000000, 0x0000000100000000)
  region size 1024K, 3 young (3072K), 3 survivors (3072K)
 Metaspace       used 138068K, committed 139520K, reserved 1179648K
  class space    used 19152K, committed 19840K, reserved 1048576K
}
Event: 2260.942 GC heap before
{Heap before GC invocations=66 (full 0):
 garbage-first heap   total 421888K, used 346112K [0x0000000080000000, 0x0000000100000000)
  region size 1024K, 179 young (183296K), 3 survivors (3072K)
 Metaspace       used 138283K, committed 139776K, reserved 1179648K
  class space    used 19154K, committed 19840K, reserved 1048576K
}
Event: 2260.954 GC heap after
{Heap after GC invocations=67 (full 0):
 garbage-first heap   total 421888K, used 183828K [0x0000000080000000, 0x0000000100000000)
  region size 1024K, 20 young (20480K), 20 survivors (20480K)
 Metaspace       used 138283K, committed 139776K, reserved 1179648K
  class space    used 19154K, committed 19840K, reserved 1048576K
}
Event: 2494.181 GC heap before
{Heap before GC invocations=68 (full 0):
 garbage-first heap   total 421888K, used 355860K [0x0000000080000000, 0x0000000100000000)
  region size 1024K, 176 young (180224K), 20 survivors (20480K)
 Metaspace       used 138366K, committed 139840K, reserved 1179648K
  class space    used 19094K, committed 19840K, reserved 1048576K
}
Event: 2494.188 GC heap after
{Heap after GC invocations=69 (full 0):
 garbage-first heap   total 421888K, used 169541K [0x0000000080000000, 0x0000000100000000)
  region size 1024K, 3 young (3072K), 3 survivors (3072K)
 Metaspace       used 138366K, committed 139840K, reserved 1179648K
  class space    used 19094K, committed 19840K, reserved 1048576K
}
Event: 2494.232 GC heap before
{Heap before GC invocations=69 (full 0):
 garbage-first heap   total 421888K, used 185925K [0x0000000080000000, 0x0000000100000000)
  region size 1024K, 20 young (20480K), 3 survivors (3072K)
 Metaspace       used 138373K, committed 139840K, reserved 1179648K
  class space    used 19094K, committed 19840K, reserved 1048576K
}
Event: 2494.240 GC heap after
{Heap after GC invocations=70 (full 0):
 garbage-first heap   total 421888K, used 148480K [0x0000000080000000, 0x0000000100000000)
  region size 1024K, 3 young (3072K), 3 survivors (3072K)
 Metaspace       used 138373K, committed 139840K, reserved 1179648K
  class space    used 19094K, committed 19840K, reserved 1048576K
}
Event: 2519.615 GC heap before
{Heap before GC invocations=70 (full 0):
 garbage-first heap   total 421888K, used 342016K [0x0000000080000000, 0x0000000100000000)
  region size 1024K, 193 young (197632K), 3 survivors (3072K)
 Metaspace       used 138620K, committed 140096K, reserved 1179648K
  class space    used 19107K, committed 19840K, reserved 1048576K
}

