# JRE version: OpenJDK Runtime Environment (17.0.7) (build 17.0.7+0-b2043.56-10550314)
# Java VM: OpenJDK 64-Bit Server VM (17.0.7+0-b2043.56-10550314, mixed mode, tiered, compressed oops, compressed class ptrs, g1 gc, windows-amd64)
GC Precious Log:
 CPUs: 8 total, 8 available
 Memory: 16303M
 Large Page Support: Disabled
 NUMA Support: Disabled
 Compressed Oops: Enabled (32-bit)
 Heap Region Size: 1M
 Heap Min Capacity: 8M
 Heap Initial Capacity: 256M
 Heap Max Capacity: 2G
 Pre-touch: Disabled
 Parallel Workers: 8
 Concurrent Workers: 2
 Concurrent Refinement Workers: 8
 Periodic GC: Disabled
Heap:
 garbage-first heap   total 210944K, used 153570K [0x0000000080000000, 0x0000000100000000)
  region size 1024K, 4 young (4096K), 4 survivors (4096K)
 Metaspace       used 98929K, committed 99776K, reserved 1179648K
  class space    used 13786K, committed 14208K, reserved 1048576K
GC Heap History (20 events):
Event: 7.414 GC heap after
{Heap after GC invocations=41 (full 0):
 garbage-first heap   total 210944K, used 106499K [0x0000000080000000, 0x0000000100000000)
  region size 1024K, 3 young (3072K), 3 survivors (3072K)
 Metaspace       used 70523K, committed 71168K, reserved 1114112K
  class space    used 9996K, committed 10304K, reserved 1048576K
}
Event: 7.458 GC heap before
{Heap before GC invocations=41 (full 0):
 garbage-first heap   total 210944K, used 112643K [0x0000000080000000, 0x0000000100000000)
  region size 1024K, 10 young (10240K), 3 survivors (3072K)
 Metaspace       used 71400K, committed 72064K, reserved 1114112K
  class space    used 10104K, committed 10432K, reserved 1048576K
}
Event: 7.459 GC heap after
{Heap after GC invocations=42 (full 0):
 garbage-first heap   total 210944K, used 106280K [0x0000000080000000, 0x0000000100000000)
  region size 1024K, 1 young (1024K), 1 survivors (1024K)
 Metaspace       used 71400K, committed 72064K, reserved 1114112K
  class space    used 10104K, committed 10432K, reserved 1048576K
}
Event: 7.871 GC heap before
{Heap before GC invocations=42 (full 0):
 garbage-first heap   total 210944K, used 165672K [0x0000000080000000, 0x0000000100000000)
  region size 1024K, 53 young (54272K), 1 survivors (1024K)
 Metaspace       used 75800K, committed 76544K, reserved 1114112K
  class space    used 10751K, committed 11072K, reserved 1048576K
}
Event: 7.873 GC heap after
{Heap after GC invocations=43 (full 0):
 garbage-first heap   total 210944K, used 111027K [0x0000000080000000, 0x0000000100000000)
  region size 1024K, 5 young (5120K), 5 survivors (5120K)
 Metaspace       used 75800K, committed 76544K, reserved 1114112K
  class space    used 10751K, committed 11072K, reserved 1048576K
}
Event: 8.254 GC heap before
{Heap before GC invocations=44 (full 0):
 garbage-first heap   total 210944K, used 163251K [0x0000000080000000, 0x0000000100000000)
  region size 1024K, 56 young (57344K), 5 survivors (5120K)
 Metaspace       used 79490K, committed 80192K, reserved 1179648K
  class space    used 11248K, committed 11584K, reserved 1048576K
}
Event: 8.257 GC heap after
{Heap after GC invocations=45 (full 0):
 garbage-first heap   total 210944K, used 113292K [0x0000000080000000, 0x0000000100000000)
  region size 1024K, 3 young (3072K), 3 survivors (3072K)
 Metaspace       used 79490K, committed 80192K, reserved 1179648K
  class space    used 11248K, committed 11584K, reserved 1048576K
}
Event: 8.333 GC heap before
{Heap before GC invocations=45 (full 0):
 garbage-first heap   total 210944K, used 120460K [0x0000000080000000, 0x0000000100000000)
  region size 1024K, 10 young (10240K), 3 survivors (3072K)
 Metaspace       used 80943K, committed 81664K, reserved 1179648K
  class space    used 11434K, committed 11776K, reserved 1048576K
}
Event: 8.335 GC heap after
{Heap after GC invocations=46 (full 0):
 garbage-first heap   total 210944K, used 113474K [0x0000000080000000, 0x0000000100000000)
  region size 1024K, 1 young (1024K), 1 survivors (1024K)
 Metaspace       used 80943K, committed 81664K, reserved 1179648K
  class space    used 11434K, committed 11776K, reserved 1048576K
}
Event: 8.692 GC heap before
{Heap before GC invocations=46 (full 0):
 garbage-first heap   total 210944K, used 170818K [0x0000000080000000, 0x0000000100000000)
  region size 1024K, 53 young (54272K), 1 survivors (1024K)
 Metaspace       used 86120K, committed 86784K, reserved 1179648K
  class space    used 12156K, committed 12480K, reserved 1048576K
}
Event: 8.694 GC heap after
{Heap after GC invocations=47 (full 0):
 garbage-first heap   total 210944K, used 120551K [0x0000000080000000, 0x0000000100000000)
  region size 1024K, 4 young (4096K), 4 survivors (4096K)
 Metaspace       used 86120K, committed 86784K, reserved 1179648K
  class space    used 12156K, committed 12480K, reserved 1048576K
}
Event: 9.034 GC heap before
{Heap before GC invocations=47 (full 0):
 garbage-first heap   total 210944K, used 170727K [0x0000000080000000, 0x0000000100000000)
  region size 1024K, 53 young (54272K), 4 survivors (4096K)
 Metaspace       used 88680K, committed 89408K, reserved 1179648K
  class space    used 12506K, committed 12864K, reserved 1048576K
}
Event: 9.036 GC heap after
{Heap after GC invocations=48 (full 0):
 garbage-first heap   total 210944K, used 124140K [0x0000000080000000, 0x0000000100000000)
  region size 1024K, 7 young (7168K), 7 survivors (7168K)
 Metaspace       used 88680K, committed 89408K, reserved 1179648K
  class space    used 12506K, committed 12864K, reserved 1048576K
}
Event: 9.439 GC heap before
{Heap before GC invocations=48 (full 0):
 garbage-first heap   total 210944K, used 172268K [0x0000000080000000, 0x0000000100000000)
  region size 1024K, 54 young (55296K), 7 survivors (7168K)
 Metaspace       used 95456K, committed 96256K, reserved 1179648K
  class space    used 13387K, committed 13760K, reserved 1048576K
}
Event: 9.442 GC heap after
{Heap after GC invocations=49 (full 0):
 garbage-first heap   total 210944K, used 125337K [0x0000000080000000, 0x0000000100000000)
  region size 1024K, 5 young (5120K), 5 survivors (5120K)
 Metaspace       used 95456K, committed 96256K, reserved 1179648K
  class space    used 13387K, committed 13760K, reserved 1048576K
}
Event: 9.716 GC heap before
{Heap before GC invocations=49 (full 0):
 garbage-first heap   total 210944K, used 182681K [0x0000000080000000, 0x0000000100000000)
  region size 1024K, 54 young (55296K), 5 survivors (5120K)
 Metaspace       used 98343K, committed 99200K, reserved 1179648K
  class space    used 13722K, committed 14144K, reserved 1048576K
}
Event: 9.723 GC heap after
{Heap after GC invocations=50 (full 0):
 garbage-first heap   total 210944K, used 135611K [0x0000000080000000, 0x0000000100000000)
  region size 1024K, 7 young (7168K), 7 survivors (7168K)
 Metaspace       used 98343K, committed 99200K, reserved 1179648K
  class space    used 13722K, committed 14144K, reserved 1048576K
}
Event: 9.828 GC heap before
{Heap before GC invocations=50 (full 0):
 garbage-first heap   total 210944K, used 172475K [0x0000000080000000, 0x0000000100000000)
  region size 1024K, 43 young (44032K), 7 survivors (7168K)
 Metaspace       used 98351K, committed 99264K, reserved 1179648K
  class space    used 13722K, committed 14144K, reserved 1048576K
}
Event: 9.836 GC heap after
{Heap after GC invocations=51 (full 0):
 garbage-first heap   total 210944K, used 146432K [0x0000000080000000, 0x0000000100000000)
  region size 1024K, 6 young (6144K), 6 survivors (6144K)
 Metaspace       used 98351K, committed 99264K, reserved 1179648K
  class space    used 13722K, committed 14144K, reserved 1048576K
}
Event: 9.945 GC heap before
{Heap before GC invocations=51 (full 0):
 garbage-first heap   total 210944K, used 173056K [0x0000000080000000, 0x0000000100000000)
  region size 1024K, 32 young (32768K), 6 survivors (6144K)
 Metaspace       used 98929K, committed 99776K, reserved 1179648K
  class space    used 13786K, committed 14208K, reserved 1048576K
}

