# JRE version: OpenJDK Runtime Environment (17.0.7) (build 17.0.7+0-b2043.56-10550314)
# Java VM: OpenJDK 64-Bit Server VM (17.0.7+0-b2043.56-10550314, mixed mode, tiered, compressed oops, compressed class ptrs, g1 gc, windows-amd64)
GC Precious Log:
 CPUs: 8 total, 8 available
 Memory: 16303M
 Large Page Support: Disabled
 NUMA Support: Disabled
 Compressed Oops: Enabled (32-bit)
 Heap Region Size: 1M
 Heap Min Capacity: 8M
 Heap Initial Capacity: 256M
 Heap Max Capacity: 2G
 Pre-touch: Disabled
 Parallel Workers: 8
 Concurrent Workers: 2
 Concurrent Refinement Workers: 8
 Periodic GC: Disabled
Heap:
 garbage-first heap   total 276480K, used 218112K [0x0000000080000000, 0x0000000100000000)
  region size 1024K, 66 young (67584K), 9 survivors (9216K)
 Metaspace       used 106767K, committed 107520K, reserved 1179648K
  class space    used 14567K, committed 14976K, reserved 1048576K
GC Heap History (20 events):
Event: 5.747 GC heap before
{Heap before GC invocations=47 (full 0):
 garbage-first heap   total 209920K, used 115045K [0x0000000080000000, 0x0000000100000000)
  region size 1024K, 10 young (10240K), 6 survivors (6144K)
 Metaspace       used 73737K, committed 74368K, reserved 1114112K
  class space    used 10007K, committed 10304K, reserved 1048576K
}
Event: 5.749 GC heap after
{Heap after GC invocations=48 (full 0):
 garbage-first heap   total 209920K, used 111227K [0x0000000080000000, 0x0000000100000000)
  region size 1024K, 1 young (1024K), 1 survivors (1024K)
 Metaspace       used 73737K, committed 74368K, reserved 1114112K
  class space    used 10007K, committed 10304K, reserved 1048576K
}
Event: 6.078 GC heap before
{Heap before GC invocations=48 (full 0):
 garbage-first heap   total 209920K, used 164475K [0x0000000080000000, 0x0000000100000000)
  region size 1024K, 49 young (50176K), 1 survivors (1024K)
 Metaspace       used 78316K, committed 78976K, reserved 1179648K
  class space    used 10643K, committed 10944K, reserved 1048576K
}
Event: 6.080 GC heap after
{Heap after GC invocations=49 (full 0):
 garbage-first heap   total 209920K, used 117329K [0x0000000080000000, 0x0000000100000000)
  region size 1024K, 3 young (3072K), 3 survivors (3072K)
 Metaspace       used 78316K, committed 78976K, reserved 1179648K
  class space    used 10643K, committed 10944K, reserved 1048576K
}
Event: 6.395 GC heap before
{Heap before GC invocations=50 (full 0):
 garbage-first heap   total 209920K, used 165457K [0x0000000080000000, 0x0000000100000000)
  region size 1024K, 50 young (51200K), 3 survivors (3072K)
 Metaspace       used 82923K, committed 83648K, reserved 1179648K
  class space    used 11274K, committed 11584K, reserved 1048576K
}
Event: 6.398 GC heap after
{Heap after GC invocations=51 (full 0):
 garbage-first heap   total 209920K, used 119536K [0x0000000080000000, 0x0000000100000000)
  region size 1024K, 5 young (5120K), 5 survivors (5120K)
 Metaspace       used 82923K, committed 83648K, reserved 1179648K
  class space    used 11274K, committed 11584K, reserved 1048576K
}
Event: 6.427 GC heap before
{Heap before GC invocations=51 (full 0):
 garbage-first heap   total 209920K, used 124656K [0x0000000080000000, 0x0000000100000000)
  region size 1024K, 10 young (10240K), 5 survivors (5120K)
 Metaspace       used 83241K, committed 83968K, reserved 1179648K
  class space    used 11318K, committed 11648K, reserved 1048576K
}
Event: 6.429 GC heap after
{Heap after GC invocations=52 (full 0):
 garbage-first heap   total 209920K, used 119557K [0x0000000080000000, 0x0000000100000000)
  region size 1024K, 1 young (1024K), 1 survivors (1024K)
 Metaspace       used 83241K, committed 83968K, reserved 1179648K
  class space    used 11318K, committed 11648K, reserved 1048576K
}
Event: 6.732 GC heap before
{Heap before GC invocations=52 (full 0):
 garbage-first heap   total 209920K, used 168709K [0x0000000080000000, 0x0000000100000000)
  region size 1024K, 49 young (50176K), 1 survivors (1024K)
 Metaspace       used 87364K, committed 88000K, reserved 1179648K
  class space    used 11848K, committed 12160K, reserved 1048576K
}
Event: 6.736 GC heap after
{Heap after GC invocations=53 (full 0):
 garbage-first heap   total 209920K, used 122610K [0x0000000080000000, 0x0000000100000000)
  region size 1024K, 4 young (4096K), 4 survivors (4096K)
 Metaspace       used 87364K, committed 88000K, reserved 1179648K
  class space    used 11848K, committed 12160K, reserved 1048576K
}
Event: 7.068 GC heap before
{Heap before GC invocations=53 (full 0):
 garbage-first heap   total 209920K, used 170738K [0x0000000080000000, 0x0000000100000000)
  region size 1024K, 51 young (52224K), 4 survivors (4096K)
 Metaspace       used 95004K, committed 95680K, reserved 1179648K
  class space    used 13130K, committed 13440K, reserved 1048576K
}
Event: 7.070 GC heap after
{Heap after GC invocations=54 (full 0):
 garbage-first heap   total 209920K, used 123970K [0x0000000080000000, 0x0000000100000000)
  region size 1024K, 5 young (5120K), 5 survivors (5120K)
 Metaspace       used 95004K, committed 95680K, reserved 1179648K
  class space    used 13130K, committed 13440K, reserved 1048576K
}
Event: 7.166 GC heap before
{Heap before GC invocations=54 (full 0):
 garbage-first heap   total 209920K, used 136258K [0x0000000080000000, 0x0000000100000000)
  region size 1024K, 18 young (18432K), 5 survivors (5120K)
 Metaspace       used 97217K, committed 97984K, reserved 1179648K
  class space    used 13587K, committed 13952K, reserved 1048576K
}
Event: 7.168 GC heap after
{Heap after GC invocations=55 (full 0):
 garbage-first heap   total 209920K, used 124343K [0x0000000080000000, 0x0000000100000000)
  region size 1024K, 2 young (2048K), 2 survivors (2048K)
 Metaspace       used 97217K, committed 97984K, reserved 1179648K
  class space    used 13587K, committed 13952K, reserved 1048576K
}
Event: 7.359 GC heap before
{Heap before GC invocations=56 (full 0):
 garbage-first heap   total 230400K, used 182711K [0x0000000080000000, 0x0000000100000000)
  region size 1024K, 52 young (53248K), 2 survivors (2048K)
 Metaspace       used 97535K, committed 98432K, reserved 1179648K
  class space    used 13598K, committed 14016K, reserved 1048576K
}
Event: 7.368 GC heap after
{Heap after GC invocations=57 (full 0):
 garbage-first heap   total 230400K, used 139113K [0x0000000080000000, 0x0000000100000000)
  region size 1024K, 7 young (7168K), 7 survivors (7168K)
 Metaspace       used 97535K, committed 98432K, reserved 1179648K
  class space    used 13598K, committed 14016K, reserved 1048576K
}
Event: 7.378 GC heap before
{Heap before GC invocations=57 (full 0):
 garbage-first heap   total 230400K, used 143209K [0x0000000080000000, 0x0000000100000000)
  region size 1024K, 11 young (11264K), 7 survivors (7168K)
 Metaspace       used 97535K, committed 98432K, reserved 1179648K
  class space    used 13598K, committed 14016K, reserved 1048576K
}
Event: 7.384 GC heap after
{Heap after GC invocations=58 (full 0):
 garbage-first heap   total 276480K, used 140859K [0x0000000080000000, 0x0000000100000000)
  region size 1024K, 2 young (2048K), 2 survivors (2048K)
 Metaspace       used 97535K, committed 98432K, reserved 1179648K
  class space    used 13598K, committed 14016K, reserved 1048576K
}
Event: 7.751 GC heap before
{Heap before GC invocations=58 (full 0):
 garbage-first heap   total 276480K, used 211515K [0x0000000080000000, 0x0000000100000000)
  region size 1024K, 71 young (72704K), 2 survivors (2048K)
 Metaspace       used 101492K, committed 102272K, reserved 1179648K
  class space    used 14087K, committed 14464K, reserved 1048576K
}
Event: 7.756 GC heap after
{Heap after GC invocations=59 (full 0):
 garbage-first heap   total 276480K, used 153600K [0x0000000080000000, 0x0000000100000000)
  region size 1024K, 9 young (9216K), 9 survivors (9216K)
 Metaspace       used 101492K, committed 102272K, reserved 1179648K
  class space    used 14087K, committed 14464K, reserved 1048576K
}

