# JRE version: OpenJDK Runtime Environment (17.0.7) (build 17.0.7+0-b2043.56-10550314)
# Java VM: OpenJDK 64-Bit Server VM (17.0.7+0-b2043.56-10550314, mixed mode, tiered, compressed oops, compressed class ptrs, g1 gc, windows-amd64)
GC Precious Log:
 CPUs: 8 total, 8 available
 Memory: 16303M
 Large Page Support: Disabled
 NUMA Support: Disabled
 Compressed Oops: Enabled (32-bit)
 Heap Region Size: 1M
 Heap Min Capacity: 8M
 Heap Initial Capacity: 256M
 Heap Max Capacity: 2G
 Pre-touch: Disabled
 Parallel Workers: 8
 Concurrent Workers: 2
 Concurrent Refinement Workers: 8
 Periodic GC: Disabled
Heap:
 garbage-first heap   total 280576K, used 175618K [0x0000000080000000, 0x0000000100000000)
  region size 1024K, 56 young (57344K), 6 survivors (6144K)
 Metaspace       used 110990K, committed 111744K, reserved 1179648K
  class space    used 15403K, committed 15744K, reserved 1048576K
GC Heap History (20 events):
Event: 4.755 GC heap before
{Heap before GC invocations=27 (full 0):
 garbage-first heap   total 233472K, used 169940K [0x0000000080000000, 0x0000000100000000)
  region size 1024K, 92 young (94208K), 2 survivors (2048K)
 Metaspace       used 74510K, committed 75136K, reserved 1114112K
  class space    used 10082K, committed 10368K, reserved 1048576K
}
Event: 4.759 GC heap after
{Heap after GC invocations=28 (full 0):
 garbage-first heap   total 233472K, used 78700K [0x0000000080000000, 0x0000000100000000)
  region size 1024K, 9 young (9216K), 9 survivors (9216K)
 Metaspace       used 74510K, committed 75136K, reserved 1114112K
  class space    used 10082K, committed 10368K, reserved 1048576K
}
Event: 5.252 GC heap before
{Heap before GC invocations=28 (full 0):
 garbage-first heap   total 233472K, used 168812K [0x0000000080000000, 0x0000000100000000)
  region size 1024K, 97 young (99328K), 9 survivors (9216K)
 Metaspace       used 81229K, committed 81856K, reserved 1179648K
  class space    used 11016K, committed 11328K, reserved 1048576K
}
Event: 5.258 GC heap after
{Heap after GC invocations=29 (full 0):
 garbage-first heap   total 233472K, used 85468K [0x0000000080000000, 0x0000000100000000)
  region size 1024K, 7 young (7168K), 7 survivors (7168K)
 Metaspace       used 81229K, committed 81856K, reserved 1179648K
  class space    used 11016K, committed 11328K, reserved 1048576K
}
Event: 5.740 GC heap before
{Heap before GC invocations=29 (full 0):
 garbage-first heap   total 233472K, used 174556K [0x0000000080000000, 0x0000000100000000)
  region size 1024K, 94 young (96256K), 7 survivors (7168K)
 Metaspace       used 86911K, committed 87616K, reserved 1179648K
  class space    used 12013K, committed 12352K, reserved 1048576K
}
Event: 5.744 GC heap after
{Heap after GC invocations=30 (full 0):
 garbage-first heap   total 233472K, used 88747K [0x0000000080000000, 0x0000000100000000)
  region size 1024K, 5 young (5120K), 5 survivors (5120K)
 Metaspace       used 86911K, committed 87616K, reserved 1179648K
  class space    used 12013K, committed 12352K, reserved 1048576K
}
Event: 6.324 GC heap before
{Heap before GC invocations=30 (full 0):
 garbage-first heap   total 233472K, used 179883K [0x0000000080000000, 0x0000000100000000)
  region size 1024K, 94 young (96256K), 5 survivors (5120K)
 Metaspace       used 93368K, committed 94080K, reserved 1179648K
  class space    used 12958K, committed 13312K, reserved 1048576K
}
Event: 6.328 GC heap after
{Heap after GC invocations=31 (full 0):
 garbage-first heap   total 233472K, used 92792K [0x0000000080000000, 0x0000000100000000)
  region size 1024K, 9 young (9216K), 9 survivors (9216K)
 Metaspace       used 93368K, committed 94080K, reserved 1179648K
  class space    used 12958K, committed 13312K, reserved 1048576K
}
Event: 6.951 GC heap before
{Heap before GC invocations=31 (full 0):
 garbage-first heap   total 233472K, used 183928K [0x0000000080000000, 0x0000000100000000)
  region size 1024K, 98 young (100352K), 9 survivors (9216K)
 Metaspace       used 99179K, committed 99904K, reserved 1179648K
  class space    used 13725K, committed 14080K, reserved 1048576K
}
Event: 6.956 GC heap after
{Heap after GC invocations=32 (full 0):
 garbage-first heap   total 233472K, used 96357K [0x0000000080000000, 0x0000000100000000)
  region size 1024K, 8 young (8192K), 8 survivors (8192K)
 Metaspace       used 99179K, committed 99904K, reserved 1179648K
  class space    used 13725K, committed 14080K, reserved 1048576K
}
Event: 7.445 GC heap before
{Heap before GC invocations=32 (full 0):
 garbage-first heap   total 233472K, used 186469K [0x0000000080000000, 0x0000000100000000)
  region size 1024K, 97 young (99328K), 8 survivors (8192K)
 Metaspace       used 102413K, committed 103104K, reserved 1179648K
  class space    used 14250K, committed 14592K, reserved 1048576K
}
Event: 7.455 GC heap after
{Heap after GC invocations=33 (full 0):
 garbage-first heap   total 233472K, used 106630K [0x0000000080000000, 0x0000000100000000)
  region size 1024K, 13 young (13312K), 13 survivors (13312K)
 Metaspace       used 102413K, committed 103104K, reserved 1179648K
  class space    used 14250K, committed 14592K, reserved 1048576K
}
Event: 7.788 GC heap before
{Heap before GC invocations=33 (full 0):
 garbage-first heap   total 233472K, used 187526K [0x0000000080000000, 0x0000000100000000)
  region size 1024K, 92 young (94208K), 13 survivors (13312K)
 Metaspace       used 103313K, committed 104000K, reserved 1179648K
  class space    used 14331K, committed 14656K, reserved 1048576K
}
Event: 7.796 GC heap after
{Heap after GC invocations=34 (full 0):
 garbage-first heap   total 233472K, used 115764K [0x0000000080000000, 0x0000000100000000)
  region size 1024K, 9 young (9216K), 9 survivors (9216K)
 Metaspace       used 103313K, committed 104000K, reserved 1179648K
  class space    used 14331K, committed 14656K, reserved 1048576K
}
Event: 8.189 GC heap before
{Heap before GC invocations=34 (full 0):
 garbage-first heap   total 233472K, used 187444K [0x0000000080000000, 0x0000000100000000)
  region size 1024K, 80 young (81920K), 9 survivors (9216K)
 Metaspace       used 104031K, committed 104832K, reserved 1179648K
  class space    used 14408K, committed 14784K, reserved 1048576K
}
Event: 8.195 GC heap after
{Heap after GC invocations=35 (full 0):
 garbage-first heap   total 233472K, used 119955K [0x0000000080000000, 0x0000000100000000)
  region size 1024K, 7 young (7168K), 7 survivors (7168K)
 Metaspace       used 104031K, committed 104832K, reserved 1179648K
  class space    used 14408K, committed 14784K, reserved 1048576K
}
Event: 8.413 GC heap before
{Heap before GC invocations=35 (full 0):
 garbage-first heap   total 233472K, used 188563K [0x0000000080000000, 0x0000000100000000)
  region size 1024K, 75 young (76800K), 7 survivors (7168K)
 Metaspace       used 104274K, committed 105024K, reserved 1179648K
  class space    used 14434K, committed 14784K, reserved 1048576K
}
Event: 8.418 GC heap after
{Heap after GC invocations=36 (full 0):
 garbage-first heap   total 233472K, used 123055K [0x0000000080000000, 0x0000000100000000)
  region size 1024K, 6 young (6144K), 6 survivors (6144K)
 Metaspace       used 104274K, committed 105024K, reserved 1179648K
  class space    used 14434K, committed 14784K, reserved 1048576K
}
Event: 13.003 GC heap before
{Heap before GC invocations=36 (full 0):
 garbage-first heap   total 233472K, used 190639K [0x0000000080000000, 0x0000000100000000)
  region size 1024K, 67 young (68608K), 6 survivors (6144K)
 Metaspace       used 107075K, committed 107776K, reserved 1179648K
  class space    used 14774K, committed 15104K, reserved 1048576K
}
Event: 13.007 GC heap after
{Heap after GC invocations=37 (full 0):
 garbage-first heap   total 280576K, used 126466K [0x0000000080000000, 0x0000000100000000)
  region size 1024K, 6 young (6144K), 6 survivors (6144K)
 Metaspace       used 107075K, committed 107776K, reserved 1179648K
  class space    used 14774K, committed 15104K, reserved 1048576K
}

