# JRE version: OpenJDK Runtime Environment (17.0.7) (build 17.0.7+0-b2043.56-10550314)
# Java VM: OpenJDK 64-Bit Server VM (17.0.7+0-b2043.56-10550314, mixed mode, tiered, compressed oops, compressed class ptrs, g1 gc, windows-amd64)
GC Precious Log:
 CPUs: 8 total, 8 available
 Memory: 16303M
 Large Page Support: Disabled
 NUMA Support: Disabled
 Compressed Oops: Enabled (Zero based)
 Heap Region Size: 2M
 Heap Min Capacity: 8M
 Heap Initial Capacity: 256M
 Heap Max Capacity: 4076M
 Pre-touch: Disabled
 Parallel Workers: 8
 Concurrent Workers: 2
 Concurrent Refinement Workers: 8
 Periodic GC: Disabled
Heap:
 garbage-first heap   total 262144K, used 88016K [0x0000000701400000, 0x0000000800000000)
  region size 2048K, 2 young (4096K), 2 survivors (4096K)
 Metaspace       used 87928K, committed 88192K, reserved 1179648K
  class space    used 9355K, committed 9472K, reserved 1048576K
GC Heap History (20 events):
Event: 3.357 GC heap after
{Heap after GC invocations=16 (full 0):
 garbage-first heap   total 106496K, used 50451K [0x0000000701400000, 0x0000000800000000)
  region size 2048K, 1 young (2048K), 1 survivors (2048K)
 Metaspace       used 54352K, committed 54592K, reserved 1114112K
  class space    used 6380K, committed 6464K, reserved 1048576K
}
Event: 3.559 GC heap before
{Heap before GC invocations=16 (full 0):
 garbage-first heap   total 106496K, used 79123K [0x0000000701400000, 0x0000000800000000)
  region size 2048K, 15 young (30720K), 1 survivors (2048K)
 Metaspace       used 55796K, committed 56064K, reserved 1114112K
  class space    used 6566K, committed 6656K, reserved 1048576K
}
Event: 3.563 GC heap after
{Heap after GC invocations=17 (full 0):
 garbage-first heap   total 188416K, used 50586K [0x0000000701400000, 0x0000000800000000)
  region size 2048K, 1 young (2048K), 1 survivors (2048K)
 Metaspace       used 55796K, committed 56064K, reserved 1114112K
  class space    used 6566K, committed 6656K, reserved 1048576K
}
Event: 5.562 GC heap before
{Heap before GC invocations=18 (full 0):
 garbage-first heap   total 184320K, used 140698K [0x0000000701400000, 0x0000000800000000)
  region size 2048K, 45 young (92160K), 1 survivors (2048K)
 Metaspace       used 61719K, committed 61952K, reserved 1114112K
  class space    used 7007K, committed 7104K, reserved 1048576K
}
Event: 5.573 GC heap after
{Heap after GC invocations=19 (full 0):
 garbage-first heap   total 184320K, used 61099K [0x0000000701400000, 0x0000000800000000)
  region size 2048K, 6 young (12288K), 6 survivors (12288K)
 Metaspace       used 61719K, committed 61952K, reserved 1114112K
  class space    used 7007K, committed 7104K, reserved 1048576K
}
Event: 6.797 GC heap before
{Heap before GC invocations=19 (full 0):
 garbage-first heap   total 184320K, used 132779K [0x0000000701400000, 0x0000000800000000)
  region size 2048K, 40 young (81920K), 6 survivors (12288K)
 Metaspace       used 64301K, committed 64640K, reserved 1114112K
  class space    used 7242K, committed 7424K, reserved 1048576K
}
Event: 6.808 GC heap after
{Heap after GC invocations=20 (full 0):
 garbage-first heap   total 184320K, used 68856K [0x0000000701400000, 0x0000000800000000)
  region size 2048K, 3 young (6144K), 3 survivors (6144K)
 Metaspace       used 64301K, committed 64640K, reserved 1114112K
  class space    used 7242K, committed 7424K, reserved 1048576K
}
Event: 7.564 GC heap before
{Heap before GC invocations=20 (full 0):
 garbage-first heap   total 184320K, used 138488K [0x0000000701400000, 0x0000000800000000)
  region size 2048K, 37 young (75776K), 3 survivors (6144K)
 Metaspace       used 70495K, committed 70848K, reserved 1114112K
  class space    used 7816K, committed 8000K, reserved 1048576K
}
Event: 7.576 GC heap after
{Heap after GC invocations=21 (full 0):
 garbage-first heap   total 184320K, used 77739K [0x0000000701400000, 0x0000000800000000)
  region size 2048K, 5 young (10240K), 5 survivors (10240K)
 Metaspace       used 70495K, committed 70848K, reserved 1114112K
  class space    used 7816K, committed 8000K, reserved 1048576K
}
Event: 8.266 GC heap before
{Heap before GC invocations=21 (full 0):
 garbage-first heap   total 184320K, used 141227K [0x0000000701400000, 0x0000000800000000)
  region size 2048K, 36 young (73728K), 5 survivors (10240K)
 Metaspace       used 79791K, committed 80128K, reserved 1179648K
  class space    used 8786K, committed 8960K, reserved 1048576K
}
Event: 8.278 GC heap after
{Heap after GC invocations=22 (full 0):
 garbage-first heap   total 184320K, used 85008K [0x0000000701400000, 0x0000000800000000)
  region size 2048K, 4 young (8192K), 4 survivors (8192K)
 Metaspace       used 79791K, committed 80128K, reserved 1179648K
  class space    used 8786K, committed 8960K, reserved 1048576K
}
Event: 8.731 GC heap before
{Heap before GC invocations=22 (full 0):
 garbage-first heap   total 184320K, used 142352K [0x0000000701400000, 0x0000000800000000)
  region size 2048K, 32 young (65536K), 4 survivors (8192K)
 Metaspace       used 81575K, committed 81856K, reserved 1179648K
  class space    used 8910K, committed 9024K, reserved 1048576K
}
Event: 8.738 GC heap after
{Heap after GC invocations=23 (full 0):
 garbage-first heap   total 184320K, used 87075K [0x0000000701400000, 0x0000000800000000)
  region size 2048K, 2 young (4096K), 2 survivors (4096K)
 Metaspace       used 81575K, committed 81856K, reserved 1179648K
  class space    used 8910K, committed 9024K, reserved 1048576K
}
Event: 8.964 GC heap before
{Heap before GC invocations=23 (full 0):
 garbage-first heap   total 184320K, used 144419K [0x0000000701400000, 0x0000000800000000)
  region size 2048K, 30 young (61440K), 2 survivors (4096K)
 Metaspace       used 82042K, committed 82304K, reserved 1179648K
  class space    used 8923K, committed 9024K, reserved 1048576K
}
Event: 8.968 GC heap after
{Heap after GC invocations=24 (full 0):
 garbage-first heap   total 184320K, used 88003K [0x0000000701400000, 0x0000000800000000)
  region size 2048K, 2 young (4096K), 2 survivors (4096K)
 Metaspace       used 82042K, committed 82304K, reserved 1179648K
  class space    used 8923K, committed 9024K, reserved 1048576K
}
Event: 9.707 GC heap before
{Heap before GC invocations=25 (full 0):
 garbage-first heap   total 184320K, used 145347K [0x0000000701400000, 0x0000000800000000)
  region size 2048K, 31 young (63488K), 2 survivors (4096K)
 Metaspace       used 87440K, committed 87680K, reserved 1179648K
  class space    used 9335K, committed 9472K, reserved 1048576K
}
Event: 9.712 GC heap after
{Heap after GC invocations=26 (full 0):
 garbage-first heap   total 184320K, used 88774K [0x0000000701400000, 0x0000000800000000)
  region size 2048K, 3 young (6144K), 3 survivors (6144K)
 Metaspace       used 87440K, committed 87680K, reserved 1179648K
  class space    used 9335K, committed 9472K, reserved 1048576K
}
Event: 9.723 GC heap before
{Heap before GC invocations=26 (full 0):
 garbage-first heap   total 184320K, used 90822K [0x0000000701400000, 0x0000000800000000)
  region size 2048K, 4 young (8192K), 3 survivors (6144K)
 Metaspace       used 87447K, committed 87744K, reserved 1179648K
  class space    used 9335K, committed 9472K, reserved 1048576K
}
Event: 9.732 GC heap after
{Heap after GC invocations=27 (full 0):
 garbage-first heap   total 184320K, used 86521K [0x0000000701400000, 0x0000000800000000)
  region size 2048K, 1 young (2048K), 1 survivors (2048K)
 Metaspace       used 87447K, committed 87744K, reserved 1179648K
  class space    used 9335K, committed 9472K, reserved 1048576K
}
Event: 10.040 GC heap before
{Heap before GC invocations=27 (full 0):
 garbage-first heap   total 184320K, used 150009K [0x0000000701400000, 0x0000000800000000)
  region size 2048K, 32 young (65536K), 1 survivors (2048K)
 Metaspace       used 87928K, committed 88192K, reserved 1179648K
  class space    used 9355K, committed 9472K, reserved 1048576K
}

