# JRE version: OpenJDK Runtime Environment (17.0.7) (build 17.0.7+0-b2043.56-10550314)
# Java VM: OpenJDK 64-Bit Server VM (17.0.7+0-b2043.56-10550314, mixed mode, tiered, compressed oops, compressed class ptrs, g1 gc, windows-amd64)
GC Precious Log:
 CPUs: 8 total, 8 available
 Memory: 16303M
 Large Page Support: Disabled
 NUMA Support: Disabled
 Compressed Oops: Enabled (32-bit)
 Heap Region Size: 1M
 Heap Min Capacity: 8M
 Heap Initial Capacity: 256M
 Heap Max Capacity: 2G
 Pre-touch: Disabled
 Parallel Workers: 8
 Concurrent Workers: 2
 Concurrent Refinement Workers: 8
 Periodic GC: Disabled
Heap:
 garbage-first heap   total 262144K, used 123292K [0x0000000080000000, 0x0000000100000000)
  region size 1024K, 4 young (4096K), 4 survivors (4096K)
 Metaspace       used 88961K, committed 89728K, reserved 1179648K
  class space    used 12062K, committed 12416K, reserved 1048576K
GC Heap History (20 events):
Event: 4.918 GC heap after
{Heap after GC invocations=37 (full 0):
 garbage-first heap   total 189440K, used 103593K [0x0000000080000000, 0x0000000100000000)
  region size 1024K, 1 young (1024K), 1 survivors (1024K)
 Metaspace       used 62722K, committed 63360K, reserved 1114112K
  class space    used 8546K, committed 8832K, reserved 1048576K
}
Event: 5.175 GC heap before
{Heap before GC invocations=37 (full 0):
 garbage-first heap   total 189440K, used 140457K [0x0000000080000000, 0x0000000100000000)
  region size 1024K, 37 young (37888K), 1 survivors (1024K)
 Metaspace       used 65850K, committed 66432K, reserved 1114112K
  class space    used 8928K, committed 9216K, reserved 1048576K
}
Event: 5.176 GC heap after
{Heap after GC invocations=38 (full 0):
 garbage-first heap   total 189440K, used 104569K [0x0000000080000000, 0x0000000100000000)
  region size 1024K, 2 young (2048K), 2 survivors (2048K)
 Metaspace       used 65850K, committed 66432K, reserved 1114112K
  class space    used 8928K, committed 9216K, reserved 1048576K
}
Event: 5.529 GC heap before
{Heap before GC invocations=39 (full 0):
 garbage-first heap   total 189440K, used 144505K [0x0000000080000000, 0x0000000100000000)
  region size 1024K, 41 young (41984K), 2 survivors (2048K)
 Metaspace       used 70767K, committed 71424K, reserved 1114112K
  class space    used 9597K, committed 9920K, reserved 1048576K
}
Event: 5.530 GC heap after
{Heap after GC invocations=40 (full 0):
 garbage-first heap   total 189440K, used 106619K [0x0000000080000000, 0x0000000100000000)
  region size 1024K, 4 young (4096K), 4 survivors (4096K)
 Metaspace       used 70767K, committed 71424K, reserved 1114112K
  class space    used 9597K, committed 9920K, reserved 1048576K
}
Event: 5.552 GC heap before
{Heap before GC invocations=40 (full 0):
 garbage-first heap   total 189440K, used 111739K [0x0000000080000000, 0x0000000100000000)
  region size 1024K, 9 young (9216K), 4 survivors (4096K)
 Metaspace       used 70853K, committed 71552K, reserved 1114112K
  class space    used 9610K, committed 9920K, reserved 1048576K
}
Event: 5.554 GC heap after
{Heap after GC invocations=41 (full 0):
 garbage-first heap   total 189440K, used 108526K [0x0000000080000000, 0x0000000100000000)
  region size 1024K, 2 young (2048K), 2 survivors (2048K)
 Metaspace       used 70853K, committed 71552K, reserved 1114112K
  class space    used 9610K, committed 9920K, reserved 1048576K
}
Event: 5.795 GC heap before
{Heap before GC invocations=41 (full 0):
 garbage-first heap   total 189440K, used 152558K [0x0000000080000000, 0x0000000100000000)
  region size 1024K, 40 young (40960K), 2 survivors (2048K)
 Metaspace       used 72966K, committed 73664K, reserved 1114112K
  class space    used 9905K, committed 10240K, reserved 1048576K
}
Event: 5.797 GC heap after
{Heap after GC invocations=42 (full 0):
 garbage-first heap   total 189440K, used 109887K [0x0000000080000000, 0x0000000100000000)
  region size 1024K, 5 young (5120K), 5 survivors (5120K)
 Metaspace       used 72966K, committed 73664K, reserved 1114112K
  class space    used 9905K, committed 10240K, reserved 1048576K
}
Event: 6.126 GC heap before
{Heap before GC invocations=43 (full 0):
 garbage-first heap   total 189440K, used 153919K [0x0000000080000000, 0x0000000100000000)
  region size 1024K, 44 young (45056K), 5 survivors (5120K)
 Metaspace       used 76794K, committed 77504K, reserved 1179648K
  class space    used 10417K, committed 10752K, reserved 1048576K
}
Event: 6.128 GC heap after
{Heap after GC invocations=44 (full 0):
 garbage-first heap   total 189440K, used 116097K [0x0000000080000000, 0x0000000100000000)
  region size 1024K, 5 young (5120K), 5 survivors (5120K)
 Metaspace       used 76794K, committed 77504K, reserved 1179648K
  class space    used 10417K, committed 10752K, reserved 1048576K
}
Event: 6.157 GC heap before
{Heap before GC invocations=44 (full 0):
 garbage-first heap   total 189440K, used 119169K [0x0000000080000000, 0x0000000100000000)
  region size 1024K, 9 young (9216K), 5 survivors (5120K)
 Metaspace       used 77007K, committed 77696K, reserved 1179648K
  class space    used 10444K, committed 10752K, reserved 1048576K
}
Event: 6.159 GC heap after
{Heap after GC invocations=45 (full 0):
 garbage-first heap   total 189440K, used 117324K [0x0000000080000000, 0x0000000100000000)
  region size 1024K, 2 young (2048K), 2 survivors (2048K)
 Metaspace       used 77007K, committed 77696K, reserved 1179648K
  class space    used 10444K, committed 10752K, reserved 1048576K
}
Event: 6.408 GC heap before
{Heap before GC invocations=45 (full 0):
 garbage-first heap   total 189440K, used 154188K [0x0000000080000000, 0x0000000100000000)
  region size 1024K, 38 young (38912K), 2 survivors (2048K)
 Metaspace       used 80816K, committed 81536K, reserved 1179648K
  class space    used 10980K, committed 11328K, reserved 1048576K
}
Event: 6.410 GC heap after
{Heap after GC invocations=46 (full 0):
 garbage-first heap   total 189440K, used 118142K [0x0000000080000000, 0x0000000100000000)
  region size 1024K, 2 young (2048K), 2 survivors (2048K)
 Metaspace       used 80816K, committed 81536K, reserved 1179648K
  class space    used 10980K, committed 11328K, reserved 1048576K
}
Event: 6.678 GC heap before
{Heap before GC invocations=47 (full 0):
 garbage-first heap   total 206848K, used 156030K [0x0000000080000000, 0x0000000100000000)
  region size 1024K, 39 young (39936K), 2 survivors (2048K)
 Metaspace       used 83519K, committed 84224K, reserved 1179648K
  class space    used 11364K, committed 11712K, reserved 1048576K
}
Event: 6.681 GC heap after
{Heap after GC invocations=48 (full 0):
 garbage-first heap   total 206848K, used 120001K [0x0000000080000000, 0x0000000100000000)
  region size 1024K, 4 young (4096K), 4 survivors (4096K)
 Metaspace       used 83519K, committed 84224K, reserved 1179648K
  class space    used 11364K, committed 11712K, reserved 1048576K
}
Event: 6.729 GC heap before
{Heap before GC invocations=48 (full 0):
 garbage-first heap   total 206848K, used 126145K [0x0000000080000000, 0x0000000100000000)
  region size 1024K, 10 young (10240K), 4 survivors (4096K)
 Metaspace       used 83930K, committed 84608K, reserved 1179648K
  class space    used 11410K, committed 11712K, reserved 1048576K
}
Event: 6.731 GC heap after
{Heap after GC invocations=49 (full 0):
 garbage-first heap   total 206848K, used 120835K [0x0000000080000000, 0x0000000100000000)
  region size 1024K, 2 young (2048K), 2 survivors (2048K)
 Metaspace       used 83930K, committed 84608K, reserved 1179648K
  class space    used 11410K, committed 11712K, reserved 1048576K
}
Event: 7.025 GC heap before
{Heap before GC invocations=49 (full 0):
 garbage-first heap   total 206848K, used 169987K [0x0000000080000000, 0x0000000100000000)
  region size 1024K, 50 young (51200K), 2 survivors (2048K)
 Metaspace       used 88961K, committed 89728K, reserved 1179648K
  class space    used 12062K, committed 12416K, reserved 1048576K
}

